<13>1 2026-02-19T12:18:32.000000Z localhost fuzzy-train 16766 ID1 - User authentication completed. Details: g4l5tzJXjSNH88nX6AqiUc Disk I/O operations complet
<13>1 2026-02-19T12:18:32.000000Z localhost fuzzy-train 16766 ID1 - Service health check passed. Details: Ts0BqWZPdgX Garbage collection cycle completed. Garbage co
<13>1 2026-02-19T12:18:32.000000Z localhost fuzzy-train 16766 ID1 - API request processing time exceeded limits. Details: 4Spyj4iUbZ Thread pool resources alloc
<13>1 2026-02-19T12:18:32.000000Z localhost fuzzy-train 16766 ID1 - Network latency detected on primary interface. Details: rLHduGzP07mbSF6a2Ts0bzwu4O Cache hit r
<13>1 2026-02-19T12:18:32.000000Z localhost fuzzy-train 16766 ID1 - Thread pool resources allocated. Rendering engine initialized with default parameters. Details:
<13>1 2026-02-19T12:18:32.000000Z localhost fuzzy-train 16766 ID1 - Rate limiting applied to incoming requests. Rate limiting applied to incoming requests. Secu
<13>1 2026-02-19T12:18:32.000000Z localhost fuzzy-train 16766 ID1 - Service health check passed. Rendering engine initialized with default parameters. Details: axws
<13>1 2026-02-19T12:18:33.000000Z localhost fuzzy-train 16766 ID1 - Processing request from client. Data synchronization process started. Details: 2VaxbJBO5TaygiDyI8
<13>1 2026-02-19T12:18:33.000000Z localhost fuzzy-train 16766 ID1 - User authentication completed. Security policy validation completed. Backup procedure executed succ
<13>1 2026-02-19T12:18:33.000000Z localhost fuzzy-train 16766 ID1 - Thread pool resources allocated. Input validation performed on user data. Rate limiting applie
<13>1 2026-02-19T12:18:33.000000Z localhost fuzzy-train 16766 ID1 - API request processing time exceeded limits. API request processing time exceeded limits. Memory 
<13>1 2026-02-19T12:18:33.000000Z localhost fuzzy-train 16766 ID1 - Data synchronization process started. Network latency detected on primary interface. Garbage collec
<13>1 2026-02-19T12:18:33.000000Z localhost fuzzy-train 16766 ID1 - Service health check passed. Details: vdphtBmI6DNC Rate limiting applied to incoming request
<13>1 2026-02-19T12:18:33.000000Z localhost fuzzy-train 16766 ID1 - Processing request from client. Details: zfgQEeHUeiYYgyYfFCnl48rdP5 Rate limiting applied to in
<13>1 2026-02-19T12:18:33.000000Z localhost fuzzy-train 16766 ID1 - Security policy validation completed. Processing request from client. Details: Jjj2vX4od7uca3Y6fX6C
<13>1 2026-02-19T12:18:33.000000Z localhost fuzzy-train 16766 ID1 - API request processing time exceeded limits. Input validation performed on user data. Memory usa
<13>1 2026-02-19T12:18:33.000000Z localhost fuzzy-train 16766 ID1 - Configuration loaded from environment variables. Thread pool resources allocated. Details: AEt0J0FQ1
<13>1 2026-02-19T12:18:34.000000Z localhost fuzzy-train 16766 ID1 - User authentication completed. Security policy validation completed. Backup procedure exec
<13>1 2026-02-19T12:18:34.000000Z localhost fuzzy-train 16766 ID1 - Thread pool resources allocated. Cache hit ratio is below threshold. Details: wPPSUosX8IWB
<13>1 2026-02-19T12:18:34.000000Z localhost fuzzy-train 16766 ID1 - Disk I/O operations completed. Details: sK8pnDYNJpkEubsu3UeQ2 Configuration loaded from environ
<13>1 2026-02-19T12:18:34.000000Z localhost fuzzy-train 16766 ID1 - Background task scheduler initiated. Backup procedure executed successfully. Details: pjHBZskCe9
<13>1 2026-02-19T12:18:34.000000Z localhost fuzzy-train 16766 ID1 - Rendering engine initialized with default parameters. Database connection established succ
<13>1 2026-02-19T12:18:34.000000Z localhost fuzzy-train 16766 ID1 - Memory usage is within normal parameters. Details: MvSwwvWyOophmDwnIFJ Encryption key rotat
<13>1 2026-02-19T12:18:34.000000Z localhost fuzzy-train 16766 ID1 - Security policy validation completed. Input validation performed on user data. Rate limiting ap
<13>1 2026-02-19T12:18:34.000000Z localhost fuzzy-train 16766 ID1 - User authentication completed. Details: 9Hs3nbmRBQcC67iFvGonOwFj9MsU Input validation performed o
<13>1 2026-02-19T12:18:34.000000Z localhost fuzzy-train 16766 ID1 - Memory usage is within normal parameters. Details: BPnuk5QatRME938ShU Memory usage is within nor
<13>1 2026-02-19T12:18:34.000000Z localhost fuzzy-train 16766 ID1 - Database connection established successfully. API request processing time exceeded limits. Garbage 
<13>1 2026-02-19T12:18:35.000000Z localhost fuzzy-train 16766 ID1 - Backup procedure executed successfully. Data synchronization process started. Details: TlDxht9elG
<13>1 2026-02-19T12:18:35.000000Z localhost fuzzy-train 16766 ID1 - Encryption key rotation completed. Details: gAxV20NikghpbAEU6wx75NRJ User authentication co
<13>1 2026-02-19T12:18:35.000000Z localhost fuzzy-train 16766 ID1 - API request processing time exceeded limits. Memory usage is within normal parameters. API re
<13>1 2026-02-19T12:18:35.000000Z localhost fuzzy-train 16766 ID1 - Service health check passed. API request processing time exceeded limits. Memory usage is 
<13>1 2026-02-19T12:18:35.000000Z localhost fuzzy-train 16766 ID1 - API request processing time exceeded limits. API request processing time exceeded limits. Use
<13>1 2026-02-19T12:18:35.000000Z localhost fuzzy-train 16766 ID1 - Encryption key rotation completed. Network latency detected on primary interface. Configura
<13>1 2026-02-19T12:18:35.000000Z localhost fuzzy-train 16766 ID1 - Disk I/O operations completed. Background task scheduler initiated. Memory usage is within no
<13>1 2026-02-19T12:18:35.000000Z localhost fuzzy-train 16766 ID1 - User authentication completed. API request processing time exceeded limits. Backup procedur
<13>1 2026-02-19T12:18:35.000000Z localhost fuzzy-train 16766 ID1 - Configuration loaded from environment variables. Processing request from client. Input valida
<13>1 2026-02-19T12:18:35.000000Z localhost fuzzy-train 16766 ID1 - Garbage collection cycle completed. Data synchronization process started. Details: yI5lO14OgTeEO7A
<13>1 2026-02-19T12:18:36.000000Z localhost fuzzy-train 16766 ID1 - Cache hit ratio is below threshold. User authentication completed. Network latency detected on prim
<13>1 2026-02-19T12:18:36.000000Z localhost fuzzy-train 16766 ID1 - Rate limiting applied to incoming requests. Background task scheduler initiated. Processing 
<13>1 2026-02-19T12:18:36.000000Z localhost fuzzy-train 16766 ID1 - Disk I/O operations completed. Service health check passed. Configuration loaded from envi
<13>1 2026-02-19T12:18:36.000000Z localhost fuzzy-train 16766 ID1 - Background task scheduler initiated. Configuration loaded from environment variables. Disk I/O ope
<13>1 2026-02-19T12:18:36.000000Z localhost fuzzy-train 16766 ID1 - User authentication completed. Garbage collection cycle completed. Configuration loaded fr
<13>1 2026-02-19T12:18:36.000000Z localhost fuzzy-train 16766 ID1 - Rate limiting applied to incoming requests. Details: jXZVLjGCkhkEbrIRGqkPaXt6zX Thread pool resourc
<13>1 2026-02-19T12:18:36.000000Z localhost fuzzy-train 16766 ID1 - Thread pool resources allocated. Details: i2Ft60rJdHlmyWv8m8 Memory usage is within normal
<13>1 2026-02-19T12:18:36.000000Z localhost fuzzy-train 16766 ID1 - Background task scheduler initiated. Processing request from client. Thread pool resources allo
<13>1 2026-02-19T12:18:36.000000Z localhost fuzzy-train 16766 ID1 - Configuration loaded from environment variables. Security policy validation completed. Gar
<13>1 2026-02-19T12:18:36.000000Z localhost fuzzy-train 16766 ID1 - Encryption key rotation completed. Encryption key rotation completed. Background task schedule
<13>1 2026-02-19T12:18:37.000000Z localhost fuzzy-train 16766 ID1 - Thread pool resources allocated. Thread pool resources allocated. Rate limiting applied to i
<13>1 2026-02-19T12:18:37.000000Z localhost fuzzy-train 16766 ID1 - Database connection established successfully. API request processing time exceeded limits.
<13>1 2026-02-19T12:18:37.000000Z localhost fuzzy-train 16766 ID1 - Thread pool resources allocated. Processing request from client. Details: 4Qnx72l8mE8YJB8pqlu
<13>1 2026-02-19T12:18:37.000000Z localhost fuzzy-train 16766 ID1 - Cache hit ratio is below threshold. User authentication completed. Details: d3Px7ISpM4hopbe
<13>1 2026-02-19T12:18:37.000000Z localhost fuzzy-train 16766 ID1 - Configuration loaded from environment variables. Details: fvIPjIelZXkJuZA8XoqTbxSrV Cache hit rat
<13>1 2026-02-19T12:18:37.000000Z localhost fuzzy-train 16766 ID1 - Encryption key rotation completed. Details: N8XVt6gbmdlT8HYbND API request processing time exc
<13>1 2026-02-19T12:18:37.000000Z localhost fuzzy-train 16766 ID1 - Backup procedure executed successfully. Details: dIOx3MVYWDJpVYOAcJ9x32 Backup procedure executed s
<13>1 2026-02-19T12:18:37.000000Z localhost fuzzy-train 16766 ID1 - Rate limiting applied to incoming requests. Backup procedure executed successfully. Rate limit
<13>1 2026-02-19T12:18:37.000000Z localhost fuzzy-train 16766 ID1 - API request processing time exceeded limits. Details: IsGI6hpp3BBTklGtH3BpkM7r16BuuB Backgrou
<13>1 2026-02-19T12:18:37.000000Z localhost fuzzy-train 16766 ID1 - Configuration loaded from environment variables. Rendering engine initialized with default par
<13>1 2026-02-19T12:18:38.000000Z localhost fuzzy-train 16766 ID1 - Rendering engine initialized with default parameters. Details: 9tmi3tqd75cMK2euY Network latenc
<13>1 2026-02-19T12:18:38.000000Z localhost fuzzy-train 16766 ID1 - Backup procedure executed successfully. Details: pgLM1hqtMm4mXU Data synchronization process sta
<13>1 2026-02-19T12:18:38.000000Z localhost fuzzy-train 16766 ID1 - Thread pool resources allocated. Data synchronization process started. API request processing
<13>1 2026-02-19T12:18:38.000000Z localhost fuzzy-train 16766 ID1 - Backup procedure executed successfully. Details: kiDDhKiQQEh40 Service health check passed. Input
<13>1 2026-02-19T12:18:38.000000Z localhost fuzzy-train 16766 ID1 - Data synchronization process started. Memory usage is within normal parameters. Details: FFANHWQpX
<13>1 2026-02-19T12:18:38.000000Z localhost fuzzy-train 16766 ID1 - Data synchronization process started. Details: wJKgDF3zFWzLJu7YnPmNkeyg8emF Input validati
<13>1 2026-02-19T12:18:38.000000Z localhost fuzzy-train 16766 ID1 - Backup procedure executed successfully. Details: 4B28GajG5EL16hY Service health check passed. Ba
<13>1 2026-02-19T12:18:38.000000Z localhost fuzzy-train 16766 ID1 - Background task scheduler initiated. Input validation performed on user data. Data synchroni
<13>1 2026-02-19T12:18:38.000000Z localhost fuzzy-train 16766 ID1 - Configuration loaded from environment variables. Rate limiting applied to incoming requests. 
<13>1 2026-02-19T12:18:38.000000Z localhost fuzzy-train 16766 ID1 - Cache hit ratio is below threshold. Details: KkfkHMFuBLRJMrlWn Network latency detected on pr
<13>1 2026-02-19T12:18:39.000000Z localhost fuzzy-train 16766 ID1 - Memory usage is within normal parameters. Details: cekWpCH10Z User authentication completed. Data s
<13>1 2026-02-19T12:18:39.000000Z localhost fuzzy-train 16766 ID1 - User authentication completed. Database connection established successfully. Input validation pe
<13>1 2026-02-19T12:18:39.000000Z localhost fuzzy-train 16766 ID1 - Thread pool resources allocated. Rendering engine initialized with default parameters. Input valid
<13>1 2026-02-19T12:18:39.000000Z localhost fuzzy-train 16766 ID1 - API request processing time exceeded limits. Details: RPztc62edCoSghsvgcP User authentication c
<13>1 2026-02-19T12:18:39.000000Z localhost fuzzy-train 16766 ID1 - Data synchronization process started. Garbage collection cycle completed. Encryption key rotati
<13>1 2026-02-19T12:18:39.000000Z localhost fuzzy-train 16766 ID1 - Service health check passed. Details: r21g4tSzIexEBCNOgzmWlRpXu3J Encryption key rotation compl
<13>1 2026-02-19T12:18:39.000000Z localhost fuzzy-train 16766 ID1 - Background task scheduler initiated. Details: 2UUw9YSFwvswOyHv6U7 Cache hit ratio is below thresho
<13>1 2026-02-19T12:18:39.000000Z localhost fuzzy-train 16766 ID1 - API request processing time exceeded limits. User authentication completed. Rendering engine initi
<13>1 2026-02-19T12:18:39.000000Z localhost fuzzy-train 16766 ID1 - Network latency detected on primary interface. Details: YvWvFS9gucZtIFraeUWHUA Thread pool resource
<13>1 2026-02-19T12:18:39.000000Z localhost fuzzy-train 16766 ID1 - Rate limiting applied to incoming requests. API request processing time exceeded limits. Cache 
<13>1 2026-02-19T12:18:40.000000Z localhost fuzzy-train 16766 ID1 - Rate limiting applied to incoming requests. Details: erSP4kXVaqMd Thread pool resources allo
<13>1 2026-02-19T12:18:40.000000Z localhost fuzzy-train 16766 ID1 - Disk I/O operations completed. Garbage collection cycle completed. Details: FXPmhhJjv2bmuGAPCcW
<13>1 2026-02-19T12:18:40.000000Z localhost fuzzy-train 16766 ID1 - Backup procedure executed successfully. Configuration loaded from environment variables. Servi
<13>1 2026-02-19T12:18:40.000000Z localhost fuzzy-train 16766 ID1 - Disk I/O operations completed. Details: eOzzWwUjeDyRYFVqB Network latency detected on primar
<13>1 2026-02-19T12:18:40.000000Z localhost fuzzy-train 16766 ID1 - Security policy validation completed. Garbage collection cycle completed. Input validation perfor
<13>1 2026-02-19T12:18:40.000000Z localhost fuzzy-train 16766 ID1 - Disk I/O operations completed. Network latency detected on primary interface. Details: gcnZXJoePc In
<13>1 2026-02-19T12:18:40.000000Z localhost fuzzy-train 16766 ID1 - Rendering engine initialized with default parameters. Database connection established successfully. 
<13>1 2026-02-19T12:18:40.000000Z localhost fuzzy-train 16766 ID1 - Data synchronization process started. Details: cO4LrH1uvQNoQIIINAFEKE0PyX Input validation perfor
<13>1 2026-02-19T12:18:40.000000Z localhost fuzzy-train 16766 ID1 - API request processing time exceeded limits. Rate limiting applied to incoming requests. Rate 